0 info it worked if it ends with ok
1 verbose cli [ '/usr/local/bin/node', '/usr/local/bin/npm', 'run', 'commit' ]
2 info using npm@3.3.12
3 info using node@v5.5.0
4 verbose run-script [ 'precommit', 'commit', 'postcommit' ]
5 info lifecycle invitation@0.0.0-semantically-released~precommit: invitation@0.0.0-semantically-released
6 silly lifecycle invitation@0.0.0-semantically-released~precommit: no script for precommit, continuing
7 info lifecycle invitation@0.0.0-semantically-released~commit: invitation@0.0.0-semantically-released
8 verbose lifecycle invitation@0.0.0-semantically-released~commit: unsafe-perm in lifecycle true
9 verbose lifecycle invitation@0.0.0-semantically-released~commit: PATH: /usr/local/lib/node_modules/npm/bin/node-gyp-bin:/Users/robert.price/Desktop/invitation/node_modules/.bin:/usr/local/bin:/usr/bin:/bin:/usr/sbin:/sbin:/Users/robert.price/.rvm/bin
10 verbose lifecycle invitation@0.0.0-semantically-released~commit: CWD: /Users/robert.price/Desktop/invitation
11 silly lifecycle invitation@0.0.0-semantically-released~commit: Args: [ '-c', 'git-cz' ]
12 silly lifecycle invitation@0.0.0-semantically-released~commit: Returned: code: 1  signal: null
13 info lifecycle invitation@0.0.0-semantically-released~commit: Failed to exec commit script
14 verbose stack Error: invitation@0.0.0-semantically-released commit: `git-cz`
14 verbose stack Exit status 1
14 verbose stack     at EventEmitter.<anonymous> (/usr/local/lib/node_modules/npm/lib/utils/lifecycle.js:232:16)
14 verbose stack     at emitTwo (events.js:100:13)
14 verbose stack     at EventEmitter.emit (events.js:185:7)
14 verbose stack     at ChildProcess.<anonymous> (/usr/local/lib/node_modules/npm/lib/utils/spawn.js:24:14)
14 verbose stack     at emitTwo (events.js:100:13)
14 verbose stack     at ChildProcess.emit (events.js:185:7)
14 verbose stack     at maybeClose (internal/child_process.js:821:16)
14 verbose stack     at Process.ChildProcess._handle.onexit (internal/child_process.js:211:5)
15 verbose pkgid invitation@0.0.0-semantically-released
16 verbose cwd /Users/robert.price/Desktop/invitation
17 error Darwin 15.6.0
18 error argv "/usr/local/bin/node" "/usr/local/bin/npm" "run" "commit"
19 error node v5.5.0
20 error npm  v3.3.12
21 error code ELIFECYCLE
22 error invitation@0.0.0-semantically-released commit: `git-cz`
22 error Exit status 1
23 error Failed at the invitation@0.0.0-semantically-released commit script 'git-cz'.
23 error Make sure you have the latest version of node.js and npm installed.
23 error If you do, this is most likely a problem with the invitation package,
23 error not with npm itself.
23 error Tell the author that this fails on your system:
23 error     git-cz
23 error You can get their info via:
23 error     npm owner ls invitation
23 error There is likely additional logging output above.
24 verbose exit [ 1, true ]
